<?xml version="1.0" encoding="UTF-8"?>
<!-- Generated by org.testng.reporters.JUnitXMLReporter -->
<testsuite hostname="DESKTOP-JU50R2B" ignored="0" name="Default test" tests="4" failures="0" timestamp="26 Feb 2019 09:14:27 GMT" time="145.898" errors="0">
  <testcase name="testcontactlable" time="8.06" classname="testcases.ContactPageTest"/>
  <testcase name="createncontact" time="5.141" classname="testcases.ContactPageTest"/>
  <testcase name="createncontact" time="4.957" classname="testcases.ContactPageTest"/>
  <testcase name="createncontact" time="4.739" classname="testcases.ContactPageTest"/>
</testsuite> <!-- Default test -->
