<?xml version="1.0" encoding="UTF-8"?>
<testng-results skipped="0" failed="1" ignored="0" total="10" passed="9">
  <reporter-output>
  </reporter-output>
  <suite name="reg" duration-ms="331011" started-at="2019-03-03T06:17:40Z" finished-at="2019-03-03T06:23:11Z">
    <groups>
    </groups>
    <test name="retest" duration-ms="331011" started-at="2019-03-03T06:17:40Z" finished-at="2019-03-03T06:23:11Z">
      <class name="testcases.Logintest">
        <test-method status="PASS" signature="setup()[pri:0, instance:testcases.Logintest@7cd62f43]" name="setup" is-config="true" duration-ms="8766" started-at="2019-03-03T11:49:01Z" finished-at="2019-03-03T11:49:10Z">
          <reporter-output>
          </reporter-output>
        </test-method> <!-- setup -->
        <test-method status="PASS" signature="logotest()[pri:1, instance:testcases.Logintest@7cd62f43]" name="logotest" duration-ms="69" started-at="2019-03-03T11:49:10Z" finished-at="2019-03-03T11:49:10Z">
          <reporter-output>
          </reporter-output>
        </test-method> <!-- logotest -->
        <test-method status="PASS" signature="shutdown()[pri:0, instance:testcases.Logintest@7cd62f43]" name="shutdown" is-config="true" duration-ms="657" started-at="2019-03-03T11:49:10Z" finished-at="2019-03-03T11:49:11Z">
          <reporter-output>
          </reporter-output>
        </test-method> <!-- shutdown -->
        <test-method status="PASS" signature="setup()[pri:0, instance:testcases.Logintest@7cd62f43]" name="setup" is-config="true" duration-ms="10216" started-at="2019-03-03T11:52:04Z" finished-at="2019-03-03T11:52:14Z">
          <reporter-output>
          </reporter-output>
        </test-method> <!-- setup -->
        <test-method status="PASS" signature="titletest()[pri:2, instance:testcases.Logintest@7cd62f43]" name="titletest" duration-ms="7" started-at="2019-03-03T11:52:14Z" finished-at="2019-03-03T11:52:14Z">
          <reporter-output>
          </reporter-output>
        </test-method> <!-- titletest -->
        <test-method status="PASS" signature="shutdown()[pri:0, instance:testcases.Logintest@7cd62f43]" name="shutdown" is-config="true" duration-ms="698" started-at="2019-03-03T11:52:14Z" finished-at="2019-03-03T11:52:15Z">
          <reporter-output>
          </reporter-output>
        </test-method> <!-- shutdown -->
        <test-method status="PASS" signature="setup()[pri:0, instance:testcases.Logintest@7cd62f43]" name="setup" is-config="true" duration-ms="11044" started-at="2019-03-03T11:52:43Z" finished-at="2019-03-03T11:52:54Z">
          <reporter-output>
          </reporter-output>
        </test-method> <!-- setup -->
        <test-method status="PASS" signature="logintest()[pri:3, instance:testcases.Logintest@7cd62f43]" name="logintest" duration-ms="16163" started-at="2019-03-03T11:52:54Z" finished-at="2019-03-03T11:53:10Z">
          <reporter-output>
          </reporter-output>
        </test-method> <!-- logintest -->
        <test-method status="PASS" signature="shutdown()[pri:0, instance:testcases.Logintest@7cd62f43]" name="shutdown" is-config="true" duration-ms="906" started-at="2019-03-03T11:53:10Z" finished-at="2019-03-03T11:53:11Z">
          <reporter-output>
          </reporter-output>
        </test-method> <!-- shutdown -->
      </class> <!-- testcases.Logintest -->
      <class name="testcases.ContactPageTest">
        <test-method status="PASS" signature="setup()[pri:0, instance:testcases.ContactPageTest@685cb137]" name="setup" is-config="true" duration-ms="40880" started-at="2019-03-03T11:47:40Z" finished-at="2019-03-03T11:48:21Z">
          <reporter-output>
          </reporter-output>
        </test-method> <!-- setup -->
        <test-method status="PASS" signature="testcontactlable()[pri:1, instance:testcases.ContactPageTest@685cb137]" name="testcontactlable" duration-ms="8853" started-at="2019-03-03T11:48:21Z" finished-at="2019-03-03T11:48:29Z">
          <reporter-output>
          </reporter-output>
        </test-method> <!-- testcontactlable -->
        <test-method status="PASS" signature="shutdown()[pri:0, instance:testcases.ContactPageTest@685cb137]" name="shutdown" is-config="true" duration-ms="673" started-at="2019-03-03T11:48:29Z" finished-at="2019-03-03T11:48:30Z">
          <reporter-output>
          </reporter-output>
        </test-method> <!-- shutdown -->
        <test-method status="PASS" signature="setup()[pri:0, instance:testcases.ContactPageTest@685cb137]" name="setup" is-config="true" duration-ms="22353" started-at="2019-03-03T11:49:12Z" finished-at="2019-03-03T11:49:34Z">
          <reporter-output>
          </reporter-output>
        </test-method> <!-- setup -->
        <test-method status="PASS" signature="createncontact(java.lang.String, java.lang.String, java.lang.String, java.lang.String)[pri:2, instance:testcases.ContactPageTest@685cb137]" name="createncontact" duration-ms="11187" started-at="2019-03-03T11:49:34Z" data-provider="contactdata" finished-at="2019-03-03T11:49:46Z">
          <params>
            <param index="0">
              <value>
                <![CDATA[Dr.]]>
              </value>
            </param>
            <param index="1">
              <value>
                <![CDATA[vamsi]]>
              </value>
            </param>
            <param index="2">
              <value>
                <![CDATA[krishna]]>
              </value>
            </param>
            <param index="3">
              <value>
                <![CDATA[sandaka]]>
              </value>
            </param>
          </params>
          <reporter-output>
          </reporter-output>
        </test-method> <!-- createncontact -->
        <test-method status="PASS" signature="shutdown()[pri:0, instance:testcases.ContactPageTest@685cb137]" name="shutdown" is-config="true" duration-ms="759" started-at="2019-03-03T11:49:46Z" finished-at="2019-03-03T11:49:46Z">
          <reporter-output>
          </reporter-output>
        </test-method> <!-- shutdown -->
        <test-method status="PASS" signature="setup()[pri:0, instance:testcases.ContactPageTest@685cb137]" name="setup" is-config="true" duration-ms="52583" started-at="2019-03-03T11:49:46Z" finished-at="2019-03-03T11:50:39Z">
          <reporter-output>
          </reporter-output>
        </test-method> <!-- setup -->
        <test-method status="FAIL" signature="createncontact(java.lang.String, java.lang.String, java.lang.String, java.lang.String)[pri:2, instance:testcases.ContactPageTest@685cb137]" name="createncontact" duration-ms="5342" started-at="2019-03-03T11:50:39Z" data-provider="contactdata" finished-at="2019-03-03T11:50:44Z">
          <params>
            <param index="0">
              <value>
                <![CDATA[Miss]]>
              </value>
            </param>
            <param index="1">
              <value>
                <![CDATA[betty ]]>
              </value>
            </param>
            <param index="2">
              <value>
                <![CDATA[krishna]]>
              </value>
            </param>
            <param index="3">
              <value>
                <![CDATA[sandaka]]>
              </value>
            </param>
          </params>
          <exception class="org.openqa.selenium.ElementNotVisibleException">
            <message>
              <![CDATA[element not interactable
  (Session info: chrome=72.0.3626.119)
  (Driver info: chromedriver=2.42.591088 (7b2b2dca23cca0862f674758c9a3933e685c27d5),platform=Windows NT 10.0.17134 x86_64) (WARNING: The server did not provide any stacktrace information)
Command duration or timeout: 0 milliseconds
Build info: version: '3.14.0', revision: 'aacccce0', time: '2018-08-02T20:19:58.91Z'
System info: host: 'DESKTOP-JU50R2B', ip: '192.168.154.1', os.name: 'Windows 10', os.arch: 'amd64', os.version: '10.0', java.version: '1.8.0_191'
Driver info: org.openqa.selenium.chrome.ChromeDriver
Capabilities {acceptInsecureCerts: false, acceptSslCerts: false, applicationCacheEnabled: false, browserConnectionEnabled: false, browserName: chrome, chrome: {chromedriverVersion: 2.42.591088 (7b2b2dca23cca0..., userDataDir: C:\Users\kris\AppData\Local...}, cssSelectorsEnabled: true, databaseEnabled: false, goog:chromeOptions: {debuggerAddress: localhost:3300}, handlesAlerts: true, hasTouchScreen: false, javascriptEnabled: true, locationContextEnabled: true, mobileEmulationEnabled: false, nativeEvents: true, networkConnectionEnabled: false, pageLoadStrategy: normal, platform: XP, platformName: XP, rotatable: false, setWindowRect: true, takesHeapSnapshot: true, takesScreenshot: true, unexpectedAlertBehaviour: , unhandledPromptBehavior: , version: 72.0.3626.119, webStorageEnabled: true}
Session ID: 5bb772dc604c270df4df1e7c319bbb95]]>
            </message>
            <full-stacktrace>
              <![CDATA[org.openqa.selenium.ElementNotVisibleException: element not interactable
  (Session info: chrome=72.0.3626.119)
  (Driver info: chromedriver=2.42.591088 (7b2b2dca23cca0862f674758c9a3933e685c27d5),platform=Windows NT 10.0.17134 x86_64) (WARNING: The server did not provide any stacktrace information)
Command duration or timeout: 0 milliseconds
Build info: version: '3.14.0', revision: 'aacccce0', time: '2018-08-02T20:19:58.91Z'
System info: host: 'DESKTOP-JU50R2B', ip: '192.168.154.1', os.name: 'Windows 10', os.arch: 'amd64', os.version: '10.0', java.version: '1.8.0_191'
Driver info: org.openqa.selenium.chrome.ChromeDriver
Capabilities {acceptInsecureCerts: false, acceptSslCerts: false, applicationCacheEnabled: false, browserConnectionEnabled: false, browserName: chrome, chrome: {chromedriverVersion: 2.42.591088 (7b2b2dca23cca0..., userDataDir: C:\Users\kris\AppData\Local...}, cssSelectorsEnabled: true, databaseEnabled: false, goog:chromeOptions: {debuggerAddress: localhost:3300}, handlesAlerts: true, hasTouchScreen: false, javascriptEnabled: true, locationContextEnabled: true, mobileEmulationEnabled: false, nativeEvents: true, networkConnectionEnabled: false, pageLoadStrategy: normal, platform: XP, platformName: XP, rotatable: false, setWindowRect: true, takesHeapSnapshot: true, takesScreenshot: true, unexpectedAlertBehaviour: , unhandledPromptBehavior: , version: 72.0.3626.119, webStorageEnabled: true}
Session ID: 5bb772dc604c270df4df1e7c319bbb95
	at sun.reflect.NativeConstructorAccessorImpl.newInstance0(Native Method)
	at sun.reflect.NativeConstructorAccessorImpl.newInstance(NativeConstructorAccessorImpl.java:62)
	at sun.reflect.DelegatingConstructorAccessorImpl.newInstance(DelegatingConstructorAccessorImpl.java:45)
	at java.lang.reflect.Constructor.newInstance(Constructor.java:423)
	at org.openqa.selenium.remote.ErrorHandler.createThrowable(ErrorHandler.java:214)
	at org.openqa.selenium.remote.ErrorHandler.throwIfResponseFailed(ErrorHandler.java:166)
	at org.openqa.selenium.remote.http.JsonHttpResponseCodec.reconstructValue(JsonHttpResponseCodec.java:40)
	at org.openqa.selenium.remote.http.AbstractHttpResponseCodec.decode(AbstractHttpResponseCodec.java:80)
	at org.openqa.selenium.remote.http.AbstractHttpResponseCodec.decode(AbstractHttpResponseCodec.java:44)
	at org.openqa.selenium.remote.HttpCommandExecutor.execute(HttpCommandExecutor.java:158)
	at org.openqa.selenium.remote.service.DriverCommandExecutor.execute(DriverCommandExecutor.java:83)
	at org.openqa.selenium.remote.RemoteWebDriver.execute(RemoteWebDriver.java:548)
	at org.openqa.selenium.remote.RemoteWebElement.execute(RemoteWebElement.java:276)
	at org.openqa.selenium.remote.RemoteWebElement.click(RemoteWebElement.java:83)
	at sun.reflect.NativeMethodAccessorImpl.invoke0(Native Method)
	at sun.reflect.NativeMethodAccessorImpl.invoke(NativeMethodAccessorImpl.java:62)
	at sun.reflect.DelegatingMethodAccessorImpl.invoke(DelegatingMethodAccessorImpl.java:43)
	at java.lang.reflect.Method.invoke(Method.java:498)
	at org.openqa.selenium.support.events.EventFiringWebDriver$EventFiringWebElement.lambda$new$0(EventFiringWebDriver.java:403)
	at com.sun.proxy.$Proxy13.click(Unknown Source)
	at org.openqa.selenium.support.events.EventFiringWebDriver$EventFiringWebElement.click(EventFiringWebDriver.java:416)
	at sun.reflect.NativeMethodAccessorImpl.invoke0(Native Method)
	at sun.reflect.NativeMethodAccessorImpl.invoke(NativeMethodAccessorImpl.java:62)
	at sun.reflect.DelegatingMethodAccessorImpl.invoke(DelegatingMethodAccessorImpl.java:43)
	at java.lang.reflect.Method.invoke(Method.java:498)
	at org.openqa.selenium.support.pagefactory.internal.LocatingElementHandler.invoke(LocatingElementHandler.java:51)
	at com.sun.proxy.$Proxy12.click(Unknown Source)
	at pages.Homepage.createnewcontact(Homepage.java:43)
	at testcases.ContactPageTest.createncontact(ContactPageTest.java:44)
	at sun.reflect.NativeMethodAccessorImpl.invoke0(Native Method)
	at sun.reflect.NativeMethodAccessorImpl.invoke(NativeMethodAccessorImpl.java:62)
	at sun.reflect.DelegatingMethodAccessorImpl.invoke(DelegatingMethodAccessorImpl.java:43)
	at java.lang.reflect.Method.invoke(Method.java:498)
	at org.testng.internal.MethodInvocationHelper.invokeMethod(MethodInvocationHelper.java:108)
	at org.testng.internal.Invoker.invokeMethod(Invoker.java:661)
	at org.testng.internal.Invoker.invokeTestMethod(Invoker.java:869)
	at org.testng.internal.Invoker.invokeTestMethods(Invoker.java:1193)
	at org.testng.internal.TestMethodWorker.invokeTestMethods(TestMethodWorker.java:126)
	at org.testng.internal.TestMethodWorker.run(TestMethodWorker.java:109)
	at org.testng.TestRunner.privateRun(TestRunner.java:744)
	at org.testng.TestRunner.run(TestRunner.java:602)
	at org.testng.SuiteRunner.runTest(SuiteRunner.java:380)
	at org.testng.SuiteRunner.runSequentially(SuiteRunner.java:375)
	at org.testng.SuiteRunner.privateRun(SuiteRunner.java:340)
	at org.testng.SuiteRunner.run(SuiteRunner.java:289)
	at org.testng.SuiteRunnerWorker.runSuite(SuiteRunnerWorker.java:52)
	at org.testng.SuiteRunnerWorker.run(SuiteRunnerWorker.java:86)
	at org.testng.TestNG.runSuitesSequentially(TestNG.java:1301)
	at org.testng.TestNG.runSuitesLocally(TestNG.java:1226)
	at org.testng.TestNG.runSuites(TestNG.java:1144)
	at org.testng.TestNG.run(TestNG.java:1115)
	at org.testng.remote.AbstractRemoteTestNG.run(AbstractRemoteTestNG.java:114)
	at org.testng.remote.RemoteTestNG.initAndRun(RemoteTestNG.java:251)
	at org.testng.remote.RemoteTestNG.main(RemoteTestNG.java:77)
]]>
            </full-stacktrace>
          </exception> <!-- org.openqa.selenium.ElementNotVisibleException -->
          <reporter-output>
          </reporter-output>
        </test-method> <!-- createncontact -->
        <test-method status="PASS" signature="shutdown()[pri:0, instance:testcases.ContactPageTest@685cb137]" name="shutdown" is-config="true" duration-ms="655" started-at="2019-03-03T11:50:44Z" finished-at="2019-03-03T11:50:45Z">
          <reporter-output>
          </reporter-output>
        </test-method> <!-- shutdown -->
        <test-method status="PASS" signature="setup()[pri:0, instance:testcases.ContactPageTest@685cb137]" name="setup" is-config="true" duration-ms="36685" started-at="2019-03-03T11:50:45Z" finished-at="2019-03-03T11:51:22Z">
          <reporter-output>
          </reporter-output>
        </test-method> <!-- setup -->
        <test-method status="PASS" signature="createncontact(java.lang.String, java.lang.String, java.lang.String, java.lang.String)[pri:2, instance:testcases.ContactPageTest@685cb137]" name="createncontact" duration-ms="20056" started-at="2019-03-03T11:51:22Z" data-provider="contactdata" finished-at="2019-03-03T11:51:42Z">
          <params>
            <param index="0">
              <value>
                <![CDATA[Mrs.]]>
              </value>
            </param>
            <param index="1">
              <value>
                <![CDATA[chloe]]>
              </value>
            </param>
            <param index="2">
              <value>
                <![CDATA[krishna]]>
              </value>
            </param>
            <param index="3">
              <value>
                <![CDATA[sandaka]]>
              </value>
            </param>
          </params>
          <reporter-output>
          </reporter-output>
        </test-method> <!-- createncontact -->
        <test-method status="PASS" signature="shutdown()[pri:0, instance:testcases.ContactPageTest@685cb137]" name="shutdown" is-config="true" duration-ms="643" started-at="2019-03-03T11:51:42Z" finished-at="2019-03-03T11:51:42Z">
          <reporter-output>
          </reporter-output>
        </test-method> <!-- shutdown -->
      </class> <!-- testcases.ContactPageTest -->
      <class name="testcases.Homepagetest">
        <test-method status="PASS" signature="setup()[pri:0, instance:testcases.Homepagetest@6a41eaa2]" name="setup" is-config="true" duration-ms="30290" started-at="2019-03-03T11:48:30Z" finished-at="2019-03-03T11:49:00Z">
          <reporter-output>
          </reporter-output>
        </test-method> <!-- setup -->
        <test-method status="PASS" signature="homepagetitletest()[pri:1, instance:testcases.Homepagetest@6a41eaa2]" name="homepagetitletest" duration-ms="8" started-at="2019-03-03T11:49:00Z" finished-at="2019-03-03T11:49:00Z">
          <reporter-output>
          </reporter-output>
        </test-method> <!-- homepagetitletest -->
        <test-method status="PASS" signature="shutdown()[pri:0, instance:testcases.Homepagetest@6a41eaa2]" name="shutdown" is-config="true" duration-ms="608" started-at="2019-03-03T11:49:00Z" finished-at="2019-03-03T11:49:01Z">
          <reporter-output>
          </reporter-output>
        </test-method> <!-- shutdown -->
        <test-method status="PASS" signature="setup()[pri:0, instance:testcases.Homepagetest@6a41eaa2]" name="setup" is-config="true" duration-ms="20639" started-at="2019-03-03T11:51:42Z" finished-at="2019-03-03T11:52:03Z">
          <reporter-output>
          </reporter-output>
        </test-method> <!-- setup -->
        <test-method status="PASS" signature="homepageuser()[pri:2, instance:testcases.Homepagetest@6a41eaa2]" name="homepageuser" duration-ms="132" started-at="2019-03-03T11:52:03Z" finished-at="2019-03-03T11:52:03Z">
          <reporter-output>
          </reporter-output>
        </test-method> <!-- homepageuser -->
        <test-method status="PASS" signature="shutdown()[pri:0, instance:testcases.Homepagetest@6a41eaa2]" name="shutdown" is-config="true" duration-ms="713" started-at="2019-03-03T11:52:03Z" finished-at="2019-03-03T11:52:04Z">
          <reporter-output>
          </reporter-output>
        </test-method> <!-- shutdown -->
        <test-method status="PASS" signature="setup()[pri:0, instance:testcases.Homepagetest@6a41eaa2]" name="setup" is-config="true" duration-ms="23407" started-at="2019-03-03T11:52:15Z" finished-at="2019-03-03T11:52:38Z">
          <reporter-output>
          </reporter-output>
        </test-method> <!-- setup -->
        <test-method status="PASS" signature="contactlinktest()[pri:3, instance:testcases.Homepagetest@6a41eaa2]" name="contactlinktest" duration-ms="3620" started-at="2019-03-03T11:52:38Z" finished-at="2019-03-03T11:52:42Z">
          <reporter-output>
          </reporter-output>
        </test-method> <!-- contactlinktest -->
        <test-method status="PASS" signature="shutdown()[pri:0, instance:testcases.Homepagetest@6a41eaa2]" name="shutdown" is-config="true" duration-ms="790" started-at="2019-03-03T11:52:42Z" finished-at="2019-03-03T11:52:43Z">
          <reporter-output>
          </reporter-output>
        </test-method> <!-- shutdown -->
      </class> <!-- testcases.Homepagetest -->
    </test> <!-- retest -->
  </suite> <!-- reg -->
</testng-results>
